[debug] [2023-12-10T15:46:04.669Z] ----------------------------------------------------------------------
[debug] [2023-12-10T15:46:04.673Z] Command:       C:\Program Files\nodejs\node.exe C:\Users\Carine\AppData\Roaming\npm\node_modules\firebase-tools\lib\bin\firebase.js init
[debug] [2023-12-10T15:46:04.673Z] CLI Version:   13.0.1
[debug] [2023-12-10T15:46:04.673Z] Platform:      win32
[debug] [2023-12-10T15:46:04.674Z] Node Version:  v18.18.2
[debug] [2023-12-10T15:46:04.676Z] Time:          Sun Dec 10 2023 16:46:04 GMT+0100 (heure normale d’Europe centrale)
[debug] [2023-12-10T15:46:04.676Z] ----------------------------------------------------------------------
[debug] 
[debug] [2023-12-10T15:46:04.684Z] >>> [apiv2][query] GET https://firebase-public.firebaseio.com/cli.json [none]
[debug] [2023-12-10T15:46:04.761Z] > command requires scopes: ["email","openid","https://www.googleapis.com/auth/cloudplatformprojects.readonly","https://www.googleapis.com/auth/firebase","https://www.googleapis.com/auth/cloud-platform"]
[debug] [2023-12-10T15:46:04.761Z] > authorizing via signed-in user (cadu.dev.test@gmail.com)
[info] 
     ######## #### ########  ######## ########     ###     ######  ########
     ##        ##  ##     ## ##       ##     ##  ##   ##  ##       ##
     ######    ##  ########  ######   ########  #########  ######  ######
     ##        ##  ##    ##  ##       ##     ## ##     ##       ## ##
     ##       #### ##     ## ######## ########  ##     ##  ######  ########

You're about to initialize a Firebase project in this directory:

  C:\Users\Carine\Documents\Codage\Projets Portfolio\pwitter

[debug] [2023-12-10T15:46:05.222Z] <<< [apiv2][status] GET https://firebase-public.firebaseio.com/cli.json 200
[debug] [2023-12-10T15:46:05.223Z] <<< [apiv2][body] GET https://firebase-public.firebaseio.com/cli.json {"cloudBuildErrorAfter":1594252800000,"cloudBuildWarnAfter":1590019200000,"defaultNode10After":1594252800000,"minVersion":"3.0.5","node8DeploysDisabledAfter":1613390400000,"node8RuntimeDisabledAfter":1615809600000,"node8WarnAfter":1600128000000}
